20160531113937
class:MongoDBController.initOutportMongoDB()
error:null

20160531114750
class:MongoDBController.initOutportMongoDB()
error:null

20160531152455
class:MongoDBController.initOutportMongoDB()
error:null

20160531152517
class:MongoDBController.initOutportMongoDB()
error:null

20160531163349
class:MongoDBController.initOutportMongoDB()
error:null

20160531163406
class:MongoDBController.initOutportMongoDB()
error:null

20160531163457
class:MongoDBController.initOutportMongoDB()
error:null

20160531163930
class:MongoDBController.initOutportMongoDB()
error:null

20160531165054
class:MySQLHelper.getAllDB(root,,px,3306)
error:0Communications link failure

The last packet sent successfully to the server was 0 milliseconds ago. The driver has not received any packets from the server.

