2019-05-16 14:04:10 Initialization......
2019-05-16 14:04:11 Start backup mysqldump -hlocalhost --user=root --password=123456 --port=3306 --skip-add-locks --quick --single-transaction --default-character-set=utf8 -R test --result-file=D:\backup\localhost\test\20190516140411\test.sql
2019-05-16 14:04:12 Backup failed mysqldump -hlocalhost --user=root --password=123456 --port=3306 --skip-add-locks --quick --single-transaction --default-character-set=utf8 -R test --result-file=D:\backup\localhost\test\20190516140411\test.sql
Disk:C:\
Freespace:53.17GB
Totalspace:115.92GB
Usablespace:53.17GB
Usedspace:62.75GB
Disk:D:\
Freespace:289.57GB
Totalspace:348.57GB
Usablespace:289.57GB
Usedspace:59.00GB
Disk:E:\
Freespace:0B
Totalspace:0B
Usablespace:0B
Usedspace:0B
2019-05-16 14:04:12 Start compress
2019-05-16 14:04:13 Finish compressed
2019-05-16 14:04:13 Start backup mysqldump -hlocalhost --user=root --password=123456 --port=3306 --skip-add-locks --quick --single-transaction --default-character-set=utf8 katest 111 --result-file=D:\backup\localhost\katest\20190516140411\111.sql
2019-05-16 14:04:13 Finished backup mysqldump -hlocalhost --user=root --password=123456 --port=3306 --skip-add-locks --quick --single-transaction --default-character-set=utf8 katest 111 --result-file=D:\backup\localhost\katest\20190516140411\111.sql
2019-05-16 14:04:13 Start backup mysqldump -hlocalhost --user=root --password=123456 --port=3306 --skip-add-locks --quick --single-transaction --default-character-set=utf8 katest test --result-file=D:\backup\localhost\katest\20190516140411\test.sql
2019-05-16 14:04:14 Finished backup mysqldump -hlocalhost --user=root --password=123456 --port=3306 --skip-add-locks --quick --single-transaction --default-character-set=utf8 katest test --result-file=D:\backup\localhost\katest\20190516140411\test.sql
2019-05-16 14:04:14 Start backup mysqldump -hlocalhost --user=root --password=123456 --port=3306 --skip-add-locks --quick --single-transaction --default-character-set=utf8 katest --force -n -t -d -R --result-file=D:\backup\localhost\katest\20190516140411\procedures.sql
2019-05-16 14:04:14 Finished backup mysqldump -hlocalhost --user=root --password=123456 --port=3306 --skip-add-locks --quick --single-transaction --default-character-set=utf8 katest --force -n -t -d -R --result-file=D:\backup\localhost\katest\20190516140411\procedures.sql
Disk:C:\
Freespace:53.17GB
Totalspace:115.92GB
Usablespace:53.17GB
Usedspace:62.75GB
Disk:D:\
Freespace:289.57GB
Totalspace:348.57GB
Usablespace:289.57GB
Usedspace:59.00GB
Disk:E:\
Freespace:0B
Totalspace:0B
Usablespace:0B
Usedspace:0B
2019-05-16 14:04:14 Start compress
2019-05-16 14:04:14 Finish compressed
2019-05-16 14:04:14 All finished

